[17:37:30] [main/INFO] (FabricLoader/GameProvider) Loading Minecraft 1.21.3 with Fabric Loader 0.16.9
[17:37:30] [main/DEBUG] (FabricLoader/GamePatch) Found game constructor: net.minecraft.client.main.Main -> net.minecraft.client.MinecraftClient
[17:37:30] [main/DEBUG] (FabricLoader/GamePatch) Patching game constructor <init>(Lnet/minecraft/client/RunArgs;)V
[17:37:30] [main/DEBUG] (FabricLoader/GamePatch) Run directory field is thought to be net/minecraft/client/MinecraftClient/runDirectory
[17:37:30] [main/DEBUG] (FabricLoader/GamePatch) Applying brand name hook to net/minecraft/client/ClientBrandRetriever::getClientModName
[17:37:30] [main/DEBUG] (FabricLoader/GamePatch) Applying brand name hook to net/minecraft/server/MinecraftServer::getServerModName
[17:37:30] [main/DEBUG] (FabricLoader/Mappings) Loading mappings took 105 ms
[17:37:30] [main/DEBUG] (FabricLoader/GamePatch) Patched 3 classs
[17:37:30] [ForkJoinPool-1-worker-1/WARN] (FabricLoader/Metadata) Mod freqqer uses the version ${version} which isn't compatible with Loader's extended semantic version format (Could not parse version number component '${version}'!), SemVer is recommended for reliably evaluating dependencies and prioritizing newer version
[17:37:30] [main/DEBUG] (FabricLoader/Discovery) Mod discovery time: 18.6 ms
[17:37:30] [main/WARN] (FabricLoader/Resolution) Mod resolution failed
[17:37:30] [main/INFO] (FabricLoader/Resolution) Immediate reason: [HARD_DEP_NO_CANDIDATE freqqer ${version} {depends fabricloader @ [>=${loader_version}]}, ROOT_FORCELOAD_SINGLE freqqer ${version}]
[17:37:30] [main/INFO] (FabricLoader/Resolution) Reason: [HARD_DEP freqqer ${version} {depends fabricloader @ [>=${loader_version}]}, HARD_DEP freqqer ${version} {depends minecraft @ [${minecraft_version}]}]
[17:37:30] [main/INFO] (FabricLoader/Resolution) Fix: add [], remove [], replace [[freqqer ${version}] -> add:freqqer 1 ([(-∞,∞)])]
[17:37:30] [main/ERROR] (FabricLoader) Incompatible mods found!
net.fabricmc.loader.impl.FormattedException: Some of your mods are incompatible with the game or each other!
A potential solution has been determined, this may resolve your problem:
	 - Replace mod 'freqqer' (freqqer) ${version} with any version that is compatible with:
		 - fabricloader 0.16.9
		 - minecraft 1.21.3
More details:
	 - Mod 'freqqer' (freqqer) ${version} requires version ${loader_version} of mod 'Fabric Loader' (fabricloader), but only the wrong version is present: 0.16.9!
	 - Mod 'freqqer' (freqqer) ${version} requires version ${minecraft_version} of 'Minecraft' (minecraft), but only the wrong version is present: 1.21.3!
	at net.fabricmc.loader.impl.FormattedException.ofLocalized(FormattedException.java:51) ~[fabric-loader-0.16.9.jar:?]
	at net.fabricmc.loader.impl.FabricLoaderImpl.load(FabricLoaderImpl.java:196) ~[fabric-loader-0.16.9.jar:?]
	at net.fabricmc.loader.impl.launch.knot.Knot.init(Knot.java:146) ~[fabric-loader-0.16.9.jar:?]
	at net.fabricmc.loader.impl.launch.knot.Knot.launch(Knot.java:68) [fabric-loader-0.16.9.jar:?]
	at net.fabricmc.loader.impl.launch.knot.KnotClient.main(KnotClient.java:23) [fabric-loader-0.16.9.jar:?]
	at net.fabricmc.devlaunchinjector.Main.main(Main.java:86) [dev-launch-injector-0.2.1+build.8.jar:?]
